Using launch settings from FleetCar.Api\Properties\launchSettings.json...
Building...
info: Microsoft.EntityFrameworkCore.Database.Command[20101]
      Executed DbCommand (71ms) [Parameters=[], CommandType='Text', CommandTimeout='30']
      SELECT 1
info: Microsoft.EntityFrameworkCore.Database.Command[20101]
      Executed DbCommand (167ms) [Parameters=[], CommandType='Text', CommandTimeout='30']
      
      IF EXISTS
          (SELECT *
           FROM [sys].[objects] o
           WHERE [o].[type] = 'U'
           AND [o].[is_ms_shipped] = 0
           AND [o].[object_id] NOT IN (SELECT [ep].[major_id]
              FROM [sys].[extended_properties] AS [ep]
              WHERE [ep].[minor_id] = 0
                  AND [ep].[class] = 1
                  AND [ep].[name] = N'microsoft_database_tools_support'
          )
      )
      SELECT 1 ELSE SELECT 0
info: Microsoft.EntityFrameworkCore.Database.Command[20101]
      Executed DbCommand (326ms) [Parameters=[], CommandType='Text', CommandTimeout='30']
      IF OBJECT_ID('dbo.Customers', 'U') IS NOT NULL AND COL_LENGTH('dbo.Customers', 'Country') IS NULL
BEGIN
    EXEC('ALTER TABLE dbo.Customers ADD Country nvarchar(80) NULL;');
    EXEC('UPDATE dbo.Customers SET Country = ''Zimbabwe'' WHERE Country IS NULL;');
    EXEC('ALTER TABLE dbo.Customers ALTER COLUMN Country nvarchar(80) NOT NULL;');
END

IF OBJECT_ID('dbo.Customers', 'U') IS NOT NULL AND COL_LENGTH('dbo.Customers', 'IsInternational') IS NULL
BEGIN
    EXEC('ALTER TABLE dbo.Customers ADD IsInternational bit NULL;');
    EXEC('UPDATE dbo.Customers SET IsInternational = 0 WHERE IsInternational IS NULL;');
    EXEC('ALTER TABLE dbo.Customers ALTER COLUMN IsInternational bit NOT NULL;');
END

IF OBJECT_ID('dbo.Customers', 'U') IS NOT NULL AND COL_LENGTH('dbo.Customers', 'IsActive') IS NULL
BEGIN
    EXEC('ALTER TABLE dbo.Customers ADD IsActive bit NULL;');
    EXEC('UPDATE dbo.Customers SET IsActive = 1 WHERE IsActive IS NULL;');
    EXEC('ALTER TABLE dbo.Customers ALTER COLUMN IsActive bit NOT NULL;');
END

IF OBJECT_ID('dbo.Payments', 'U') IS NOT NULL AND COL_LENGTH('dbo.Payments', 'Status') IS NULL
BEGIN
    EXEC('ALTER TABLE dbo.Payments ADD Status nvarchar(20) NULL;');
END

IF OBJECT_ID('dbo.Payments', 'U') IS NOT NULL AND COL_LENGTH('dbo.Payments', 'CreatedByUserId') IS NULL
BEGIN
    EXEC('ALTER TABLE dbo.Payments ADD CreatedByUserId uniqueidentifier NULL;');
    EXEC('UPDATE p SET CreatedByUserId = ISNULL(b.CreatedByUserId, ''59BD1BF6-B184-44D9-8B96-0A4B3676A001'') FROM dbo.Payments p INNER JOIN dbo.Bookings b ON b.Id = p.BookingId WHERE p.CreatedByUserId IS NULL;');
END

IF OBJECT_ID('dbo.Payments', 'U') IS NOT NULL AND COL_LENGTH('dbo.Payments', 'TaxAmount') IS NULL
BEGIN
    EXEC('ALTER TABLE dbo.Payments ADD TaxAmount decimal(18,2) NULL;');
    EXEC('UPDATE dbo.Payments SET TaxAmount = 0 WHERE TaxAmount IS NULL;');
END

IF OBJECT_ID('dbo.Payments', 'U') IS NOT NULL AND COL_LENGTH('dbo.Payments', 'VatAmount') IS NULL
BEGIN
    EXEC('ALTER TABLE dbo.Payments ADD VatAmount decimal(18,2) NULL;');
    EXEC('UPDATE dbo.Payments SET VatAmount = 0 WHERE VatAmount IS NULL;');
END

IF OBJECT_ID('dbo.Payments', 'U') IS NOT NULL AND COL_LENGTH('dbo.Payments', 'TotalAmount') IS NULL
BEGIN
    EXEC('ALTER TABLE dbo.Payments ADD TotalAmount decimal(18,2) NULL;');
    EXEC('UPDATE dbo.Payments SET TotalAmount = Amount WHERE TotalAmount IS NULL;');
END

IF OBJECT_ID('dbo.Payments', 'U') IS NOT NULL AND COL_LENGTH('dbo.Payments', 'Status') IS NOT NULL
BEGIN
    EXEC('UPDATE dbo.Payments SET Status = ''Processed'' WHERE Status IS NULL;');
    EXEC('ALTER TABLE dbo.Payments ALTER COLUMN Status nvarchar(20) NOT NULL;');
    EXEC('ALTER TABLE dbo.Payments ALTER COLUMN CreatedByUserId uniqueidentifier NOT NULL;');
    EXEC('ALTER TABLE dbo.Payments ALTER COLUMN TaxAmount decimal(18,2) NOT NULL;');
    EXEC('ALTER TABLE dbo.Payments ALTER COLUMN VatAmount decimal(18,2) NOT NULL;');
    EXEC('ALTER TABLE dbo.Payments ALTER COLUMN TotalAmount decimal(18,2) NOT NULL;');
    EXEC('UPDATE dbo.Payments SET TotalAmount = Amount + TaxAmount + VatAmount WHERE TotalAmount = 0;');

    IF OBJECT_ID('DF_Payments_Status', 'D') IS NULL
    BEGIN
        EXEC('ALTER TABLE dbo.Payments ADD CONSTRAINT DF_Payments_Status DEFAULT ''Processed'' FOR Status;');
    END
END

IF OBJECT_ID('dbo.CashSessions', 'U') IS NOT NULL AND COL_LENGTH('dbo.CashSessions', 'ClosedByUserId') IS NULL
BEGIN
    EXEC('ALTER TABLE dbo.CashSessions ADD ClosedByUserId uniqueidentifier NULL;');
END

IF OBJECT_ID('dbo.CashSessions', 'U') IS NOT NULL AND COL_LENGTH('dbo.CashSessions', 'ClosedAtUtc') IS NULL
BEGIN
    EXEC('ALTER TABLE dbo.CashSessions ADD ClosedAtUtc datetime2 NULL;');
END

IF OBJECT_ID('dbo.CashSessions', 'U') IS NOT NULL AND COL_LENGTH('dbo.CashSessions', 'Notes') IS NULL
BEGIN
    EXEC('ALTER TABLE dbo.CashSessions ADD Notes nvarchar(300) NULL;');
END

IF OBJECT_ID('dbo.CreditNotes', 'U') IS NULL
BEGIN
    EXEC('
        CREATE TABLE dbo.CreditNotes (
            Id uniqueidentifier NOT NULL PRIMARY KEY,
            CreatedAtUtc datetime2 NOT NULL,
            BookingId uniqueidentifier NOT NULL,
            OfficeId uniqueidentifier NOT NULL,
            CreatedByUserId uniqueidentifier NOT NULL,
            Reference nvarchar(40) NOT NULL,
            Reason nvarchar(240) NOT NULL,
            Amount decimal(18,2) NOT NULL,
            Currency nvarchar(3) NOT NULL,
            Status nvarchar(20) NOT NULL,
            IssuedAtUtc datetime2 NOT NULL
        );
        CREATE UNIQUE INDEX IX_CreditNotes_Reference ON dbo.CreditNotes (Reference);
    ');
END
info: Microsoft.EntityFrameworkCore.Database.Command[20101]
      Executed DbCommand (3ms) [Parameters=[], CommandType='Text', CommandTimeout='30']
      SELECT 1
info: Microsoft.EntityFrameworkCore.Database.Command[20101]
      Executed DbCommand (3ms) [Parameters=[], CommandType='Text', CommandTimeout='30']
      
      IF EXISTS
          (SELECT *
           FROM [sys].[objects] o
           WHERE [o].[type] = 'U'
           AND [o].[is_ms_shipped] = 0
           AND [o].[object_id] NOT IN (SELECT [ep].[major_id]
              FROM [sys].[extended_properties] AS [ep]
              WHERE [ep].[minor_id] = 0
                  AND [ep].[class] = 1
                  AND [ep].[name] = N'microsoft_database_tools_support'
          )
      )
      SELECT 1 ELSE SELECT 0
info: Microsoft.EntityFrameworkCore.Database.Command[20101]
      Executed DbCommand (11ms) [Parameters=[], CommandType='Text', CommandTimeout='30']
      SELECT CASE
          WHEN EXISTS (
              SELECT 1
              FROM [Offices] AS [o]) THEN CAST(1 AS bit)
          ELSE CAST(0 AS bit)
      END
info: Microsoft.Hosting.Lifetime[14]
      Now listening on: http://localhost:5288
info: Microsoft.Hosting.Lifetime[0]
      Application started. Press Ctrl+C to shut down.
info: Microsoft.Hosting.Lifetime[0]
      Hosting environment: Development
info: Microsoft.Hosting.Lifetime[0]
      Content root path: C:\Users\tedwell_d\source\repos\RentalCar\FleetCar.Api
info: Microsoft.EntityFrameworkCore.Database.Command[20101]
      Executed DbCommand (42ms) [Parameters=[@request_Username='?' (Size = 60)], CommandType='Text', CommandTimeout='30']
      SELECT [s].[Id], [s].[CreatedAtUtc], [s].[Email], [s].[FullName], [s].[IsActive], [s].[OfficeId], [s].[PasswordHash], [s].[Role], [s].[Username], [s].[Id0], [s].[City], [s].[Code], [s].[CreatedAtUtc0], [s].[IsActive0], [s].[Name], [r].[Id], [r].[CreatedAtUtc], [r].[ExpiresAtUtc], [r].[RevokedAtUtc], [r].[Token], [r].[UserId]
      FROM (
          SELECT TOP(2) [u].[Id], [u].[CreatedAtUtc], [u].[Email], [u].[FullName], [u].[IsActive], [u].[OfficeId], [u].[PasswordHash], [u].[Role], [u].[Username], [o].[Id] AS [Id0], [o].[City], [o].[Code], [o].[CreatedAtUtc] AS [CreatedAtUtc0], [o].[IsActive] AS [IsActive0], [o].[Name]
          FROM [Users] AS [u]
          LEFT JOIN [Offices] AS [o] ON [u].[OfficeId] = [o].[Id]
          WHERE [u].[Username] = @request_Username AND [u].[IsActive] = CAST(1 AS bit)
      ) AS [s]
      LEFT JOIN [RefreshTokens] AS [r] ON [s].[Id] = [r].[UserId]
      ORDER BY [s].[Id], [s].[Id0]
info: Microsoft.EntityFrameworkCore.Database.Command[20101]
      Executed DbCommand (7ms) [Parameters=[@p0='?' (DbType = Guid), @p1='?' (DbType = DateTime2), @p2='?' (DbType = DateTime2), @p3='?' (DbType = DateTime2), @p4='?' (Size = 300), @p5='?' (DbType = Guid)], CommandType='Text', CommandTimeout='30']
      SET IMPLICIT_TRANSACTIONS OFF;
      SET NOCOUNT ON;
      INSERT INTO [RefreshTokens] ([Id], [CreatedAtUtc], [ExpiresAtUtc], [RevokedAtUtc], [Token], [UserId])
      VALUES (@p0, @p1, @p2, @p3, @p4, @p5);
info: Microsoft.EntityFrameworkCore.Database.Command[20101]
      Executed DbCommand (3ms) [Parameters=[], CommandType='Text', CommandTimeout='30']
      SELECT [c].[Id], [c].[Country], [c].[CreatedAtUtc], [c].[DriverLicenseNumber], [c].[Email], [c].[FirstName], [c].[IsActive], [c].[IsInternational], [c].[LastName], [c].[NationalId], [c].[Phone]
      FROM [Customers] AS [c]
      ORDER BY [c].[FirstName], [c].[LastName]
info: Microsoft.EntityFrameworkCore.Database.Command[20101]
      Executed DbCommand (57ms) [Parameters=[], CommandType='Text', CommandTimeout='30']
      SELECT [b].[Id], [b].[AgentId], [b].[BalanceAmount], [b].[CarId], [b].[Channel], [b].[CreatedAtUtc], [b].[CreatedByUserId], [b].[Currency], [b].[CustomerId], [b].[DailyRate], [b].[DepositAmount], [b].[ExtrasTotal], [b].[FlightNumber], [b].[Notes], [b].[OfficeId], [b].[PickupDateUtc], [b].[PickupLocationId], [b].[Reference], [b].[ReturnDateUtc], [b].[ReturnLocationId], [b].[Status], [b].[TotalAmount], [o].[Id], [o].[City], [o].[Code], [o].[CreatedAtUtc], [o].[IsActive], [o].[Name], [c].[Id], [c].[Category], [c].[Color], [c].[CreatedAtUtc], [c].[CurrentLocationId], [c].[DailyRate], [c].[FuelLevelPercent], [c].[InsuranceExpiryDateUtc], [c].[Make], [c].[MileageKm], [c].[Model], [c].[OfficeId], [c].[RegistrationExpiryDateUtc], [c].[RegistrationNumber], [c].[Seats], [c].[Status], [c].[Transmission], [c].[Year], [c0].[Id], [c0].[Country], [c0].[CreatedAtUtc], [c0].[DriverLicenseNumber], [c0].[Email], [c0].[FirstName], [c0].[IsActive], [c0].[IsInternational], [c0].[LastName], [c0].[NationalId], [c0].[Phone], [a].[Id], [a].[Code], [a].[CommissionRate], [a].[CompanyName], [a].[CreatedAtUtc], [a].[CreditLimit], [a].[Email], [a].[Phone], [a].[PreferredOfficeId], [u].[Id], [u].[CreatedAtUtc], [u].[Email], [u].[FullName], [u].[IsActive], [u].[OfficeId], [u].[PasswordHash], [u].[Role], [u].[Username], [l].[Id], [l].[Code], [l].[CreatedAtUtc], [l].[Name], [l].[OfficeId], [l].[OperatingHours], [l0].[Id], [l0].[Code], [l0].[CreatedAtUtc], [l0].[Name], [l0].[OfficeId], [l0].[OperatingHours], [b0].[Id], [b0].[BookingId], [b0].[CreatedAtUtc], [b0].[Name], [b0].[Price]
      FROM [Bookings] AS [b]
      INNER JOIN [Offices] AS [o] ON [b].[OfficeId] = [o].[Id]
      INNER JOIN [Cars] AS [c] ON [b].[CarId] = [c].[Id]
      INNER JOIN [Customers] AS [c0] ON [b].[CustomerId] = [c0].[Id]
      LEFT JOIN [Agents] AS [a] ON [b].[AgentId] = [a].[Id]
      INNER JOIN [Users] AS [u] ON [b].[CreatedByUserId] = [u].[Id]
      INNER JOIN [Locations] AS [l] ON [b].[PickupLocationId] = [l].[Id]
      INNER JOIN [Locations] AS [l0] ON [b].[ReturnLocationId] = [l0].[Id]
      LEFT JOIN [BookingExtras] AS [b0] ON [b].[Id] = [b0].[BookingId]
      ORDER BY [b].[PickupDateUtc] DESC, [b].[Id], [o].[Id], [c].[Id], [c0].[Id], [a].[Id], [u].[Id], [l].[Id], [l0].[Id]
info: Microsoft.EntityFrameworkCore.Database.Command[20101]
      Executed DbCommand (20ms) [Parameters=[], CommandType='Text', CommandTimeout='30']
      SELECT [p].[Id], [p].[Amount], [p].[BookingId], [p].[CreatedAtUtc], [p].[CreatedByUserId], [p].[Currency], [p].[FiscalInvoiceNumber], [p].[IsDeposit], [p].[Method], [p].[OfficeId], [p].[PaidAtUtc], [p].[Reference], [p].[Status], [p].[TaxAmount], [p].[TotalAmount], [p].[VatAmount], [b].[Id], [b].[AgentId], [b].[BalanceAmount], [b].[CarId], [b].[Channel], [b].[CreatedAtUtc], [b].[CreatedByUserId], [b].[Currency], [b].[CustomerId], [b].[DailyRate], [b].[DepositAmount], [b].[ExtrasTotal], [b].[FlightNumber], [b].[Notes], [b].[OfficeId], [b].[PickupDateUtc], [b].[PickupLocationId], [b].[Reference], [b].[ReturnDateUtc], [b].[ReturnLocationId], [b].[Status], [b].[TotalAmount], [c].[Id], [c].[Country], [c].[CreatedAtUtc], [c].[DriverLicenseNumber], [c].[Email], [c].[FirstName], [c].[IsActive], [c].[IsInternational], [c].[LastName], [c].[NationalId], [c].[Phone], [o].[Id], [o].[City], [o].[Code], [o].[CreatedAtUtc], [o].[IsActive], [o].[Name], [u].[Id], [u].[CreatedAtUtc], [u].[Email], [u].[FullName], [u].[IsActive], [u].[OfficeId], [u].[PasswordHash], [u].[Role], [u].[Username]
      FROM [Payments] AS [p]
      INNER JOIN [Bookings] AS [b] ON [p].[BookingId] = [b].[Id]
      INNER JOIN [Customers] AS [c] ON [b].[CustomerId] = [c].[Id]
      INNER JOIN [Offices] AS [o] ON [p].[OfficeId] = [o].[Id]
      INNER JOIN [Users] AS [u] ON [p].[CreatedByUserId] = [u].[Id]
      ORDER BY [p].[PaidAtUtc] DESC
info: Microsoft.EntityFrameworkCore.Database.Command[20101]
      Executed DbCommand (25ms) [Parameters=[], CommandType='Text', CommandTimeout='30']
      SELECT [c].[Id], [c].[ClosedAtUtc], [c].[ClosedByUserId], [c].[ClosingBalance], [c].[CreatedAtUtc], [c].[Notes], [c].[OfficeId], [c].[OpeningBalance], [c].[SessionDateUtc], [c].[Status], [c].[UserId], [o].[Id], [o].[City], [o].[Code], [o].[CreatedAtUtc], [o].[IsActive], [o].[Name], [u].[Id], [u].[CreatedAtUtc], [u].[Email], [u].[FullName], [u].[IsActive], [u].[OfficeId], [u].[PasswordHash], [u].[Role], [u].[Username], [u0].[Id], [u0].[CreatedAtUtc], [u0].[Email], [u0].[FullName], [u0].[IsActive], [u0].[OfficeId], [u0].[PasswordHash], [u0].[Role], [u0].[Username]
      FROM [CashSessions] AS [c]
      INNER JOIN [Offices] AS [o] ON [c].[OfficeId] = [o].[Id]
      INNER JOIN [Users] AS [u] ON [c].[UserId] = [u].[Id]
      LEFT JOIN [Users] AS [u0] ON [c].[ClosedByUserId] = [u0].[Id]
      ORDER BY [c].[SessionDateUtc] DESC, [c].[CreatedAtUtc] DESC
info: Microsoft.EntityFrameworkCore.Database.Command[20101]
      Executed DbCommand (10ms) [Parameters=[@session_OfficeId='?' (DbType = Guid), @session_UserId='?' (DbType = Guid), @session_SessionDateUtc='?' (DbType = DateTime2), @nextDay='?' (DbType = DateTime2)], CommandType='Text', CommandTimeout='30']
      SELECT [p].[Id], [p].[Amount], [p].[BookingId], [p].[CreatedAtUtc], [p].[CreatedByUserId], [p].[Currency], [p].[FiscalInvoiceNumber], [p].[IsDeposit], [p].[Method], [p].[OfficeId], [p].[PaidAtUtc], [p].[Reference], [p].[Status], [p].[TaxAmount], [p].[TotalAmount], [p].[VatAmount]
      FROM [Payments] AS [p]
      WHERE [p].[OfficeId] = @session_OfficeId AND [p].[CreatedByUserId] = @session_UserId AND [p].[PaidAtUtc] >= @session_SessionDateUtc AND [p].[PaidAtUtc] < @nextDay AND [p].[Status] = N'Processed'
info: Microsoft.EntityFrameworkCore.Database.Command[20101]
      Executed DbCommand (3ms) [Parameters=[@session_OfficeId='?' (DbType = Guid), @session_UserId='?' (DbType = Guid), @session_SessionDateUtc='?' (DbType = DateTime2), @nextDay='?' (DbType = DateTime2)], CommandType='Text', CommandTimeout='30']
      SELECT [c].[Id], [c].[Amount], [c].[BookingId], [c].[CreatedAtUtc], [c].[CreatedByUserId], [c].[Currency], [c].[IssuedAtUtc], [c].[OfficeId], [c].[Reason], [c].[Reference], [c].[Status]
      FROM [CreditNotes] AS [c]
      WHERE [c].[OfficeId] = @session_OfficeId AND [c].[CreatedByUserId] = @session_UserId AND [c].[IssuedAtUtc] >= @session_SessionDateUtc AND [c].[IssuedAtUtc] < @nextDay
info: Microsoft.EntityFrameworkCore.Database.Command[20101]
      Executed DbCommand (1ms) [Parameters=[@session_OfficeId='?' (DbType = Guid), @session_UserId='?' (DbType = Guid), @session_SessionDateUtc='?' (DbType = DateTime2), @nextDay='?' (DbType = DateTime2)], CommandType='Text', CommandTimeout='30']
      SELECT [p].[Id], [p].[Amount], [p].[BookingId], [p].[CreatedAtUtc], [p].[CreatedByUserId], [p].[Currency], [p].[FiscalInvoiceNumber], [p].[IsDeposit], [p].[Method], [p].[OfficeId], [p].[PaidAtUtc], [p].[Reference], [p].[Status], [p].[TaxAmount], [p].[TotalAmount], [p].[VatAmount]
      FROM [Payments] AS [p]
      WHERE [p].[OfficeId] = @session_OfficeId AND [p].[CreatedByUserId] = @session_UserId AND [p].[PaidAtUtc] >= @session_SessionDateUtc AND [p].[PaidAtUtc] < @nextDay AND [p].[Status] = N'Processed'
info: Microsoft.EntityFrameworkCore.Database.Command[20101]
      Executed DbCommand (1ms) [Parameters=[@session_OfficeId='?' (DbType = Guid), @session_UserId='?' (DbType = Guid), @session_SessionDateUtc='?' (DbType = DateTime2), @nextDay='?' (DbType = DateTime2)], CommandType='Text', CommandTimeout='30']
      SELECT [c].[Id], [c].[Amount], [c].[BookingId], [c].[CreatedAtUtc], [c].[CreatedByUserId], [c].[Currency], [c].[IssuedAtUtc], [c].[OfficeId], [c].[Reason], [c].[Reference], [c].[Status]
      FROM [CreditNotes] AS [c]
      WHERE [c].[OfficeId] = @session_OfficeId AND [c].[CreatedByUserId] = @session_UserId AND [c].[IssuedAtUtc] >= @session_SessionDateUtc AND [c].[IssuedAtUtc] < @nextDay
info: Microsoft.EntityFrameworkCore.Database.Command[20101]
      Executed DbCommand (1ms) [Parameters=[@session_OfficeId='?' (DbType = Guid), @session_UserId='?' (DbType = Guid), @session_SessionDateUtc='?' (DbType = DateTime2), @nextDay='?' (DbType = DateTime2)], CommandType='Text', CommandTimeout='30']
      SELECT [p].[Id], [p].[Amount], [p].[BookingId], [p].[CreatedAtUtc], [p].[CreatedByUserId], [p].[Currency], [p].[FiscalInvoiceNumber], [p].[IsDeposit], [p].[Method], [p].[OfficeId], [p].[PaidAtUtc], [p].[Reference], [p].[Status], [p].[TaxAmount], [p].[TotalAmount], [p].[VatAmount]
      FROM [Payments] AS [p]
      WHERE [p].[OfficeId] = @session_OfficeId AND [p].[CreatedByUserId] = @session_UserId AND [p].[PaidAtUtc] >= @session_SessionDateUtc AND [p].[PaidAtUtc] < @nextDay AND [p].[Status] = N'Processed'
info: Microsoft.EntityFrameworkCore.Database.Command[20101]
      Executed DbCommand (1ms) [Parameters=[@session_OfficeId='?' (DbType = Guid), @session_UserId='?' (DbType = Guid), @session_SessionDateUtc='?' (DbType = DateTime2), @nextDay='?' (DbType = DateTime2)], CommandType='Text', CommandTimeout='30']
      SELECT [c].[Id], [c].[Amount], [c].[BookingId], [c].[CreatedAtUtc], [c].[CreatedByUserId], [c].[Currency], [c].[IssuedAtUtc], [c].[OfficeId], [c].[Reason], [c].[Reference], [c].[Status]
      FROM [CreditNotes] AS [c]
      WHERE [c].[OfficeId] = @session_OfficeId AND [c].[CreatedByUserId] = @session_UserId AND [c].[IssuedAtUtc] >= @session_SessionDateUtc AND [c].[IssuedAtUtc] < @nextDay
info: Microsoft.EntityFrameworkCore.Database.Command[20101]
      Executed DbCommand (12ms) [Parameters=[@paymentId='?' (DbType = Guid)], CommandType='Text', CommandTimeout='30']
      SELECT TOP(2) [p].[Id], [p].[Amount], [p].[BookingId], [p].[CreatedAtUtc], [p].[CreatedByUserId], [p].[Currency], [p].[FiscalInvoiceNumber], [p].[IsDeposit], [p].[Method], [p].[OfficeId], [p].[PaidAtUtc], [p].[Reference], [p].[Status], [p].[TaxAmount], [p].[TotalAmount], [p].[VatAmount], [o].[Id], [o].[City], [o].[Code], [o].[CreatedAtUtc], [o].[IsActive], [o].[Name], [b].[Id], [b].[AgentId], [b].[BalanceAmount], [b].[CarId], [b].[Channel], [b].[CreatedAtUtc], [b].[CreatedByUserId], [b].[Currency], [b].[CustomerId], [b].[DailyRate], [b].[DepositAmount], [b].[ExtrasTotal], [b].[FlightNumber], [b].[Notes], [b].[OfficeId], [b].[PickupDateUtc], [b].[PickupLocationId], [b].[Reference], [b].[ReturnDateUtc], [b].[ReturnLocationId], [b].[Status], [b].[TotalAmount], [c].[Id], [c].[Country], [c].[CreatedAtUtc], [c].[DriverLicenseNumber], [c].[Email], [c].[FirstName], [c].[IsActive], [c].[IsInternational], [c].[LastName], [c].[NationalId], [c].[Phone]
      FROM [Payments] AS [p]
      INNER JOIN [Offices] AS [o] ON [p].[OfficeId] = [o].[Id]
      INNER JOIN [Bookings] AS [b] ON [p].[BookingId] = [b].[Id]
      INNER JOIN [Customers] AS [c] ON [b].[CustomerId] = [c].[Id]
      WHERE [p].[Id] = @paymentId
info: Microsoft.EntityFrameworkCore.Database.Command[20101]
      Executed DbCommand (15ms) [Parameters=[@bookingId='?' (DbType = Guid)], CommandType='Text', CommandTimeout='30']
      SELECT [s].[Id], [s].[AgentId], [s].[BalanceAmount], [s].[CarId], [s].[Channel], [s].[CreatedAtUtc], [s].[CreatedByUserId], [s].[Currency], [s].[CustomerId], [s].[DailyRate], [s].[DepositAmount], [s].[ExtrasTotal], [s].[FlightNumber], [s].[Notes], [s].[OfficeId], [s].[PickupDateUtc], [s].[PickupLocationId], [s].[Reference], [s].[ReturnDateUtc], [s].[ReturnLocationId], [s].[Status], [s].[TotalAmount], [s].[Id0], [s].[City], [s].[Code], [s].[CreatedAtUtc0], [s].[IsActive], [s].[Name], [s].[Id1], [s].[Country], [s].[CreatedAtUtc1], [s].[DriverLicenseNumber], [s].[Email], [s].[FirstName], [s].[IsActive0], [s].[IsInternational], [s].[LastName], [s].[NationalId], [s].[Phone], [s].[Id2], [s].[Category], [s].[Color], [s].[CreatedAtUtc2], [s].[CurrentLocationId], [s].[DailyRate0], [s].[FuelLevelPercent], [s].[InsuranceExpiryDateUtc], [s].[Make], [s].[MileageKm], [s].[Model], [s].[OfficeId0], [s].[RegistrationExpiryDateUtc], [s].[RegistrationNumber], [s].[Seats], [s].[Status0], [s].[Transmission], [s].[Year], [b0].[Id], [b0].[BookingId], [b0].[CreatedAtUtc], [b0].[Name], [b0].[Price]
      FROM (
          SELECT TOP(2) [b].[Id], [b].[AgentId], [b].[BalanceAmount], [b].[CarId], [b].[Channel], [b].[CreatedAtUtc], [b].[CreatedByUserId], [b].[Currency], [b].[CustomerId], [b].[DailyRate], [b].[DepositAmount], [b].[ExtrasTotal], [b].[FlightNumber], [b].[Notes], [b].[OfficeId], [b].[PickupDateUtc], [b].[PickupLocationId], [b].[Reference], [b].[ReturnDateUtc], [b].[ReturnLocationId], [b].[Status], [b].[TotalAmount], [o].[Id] AS [Id0], [o].[City], [o].[Code], [o].[CreatedAtUtc] AS [CreatedAtUtc0], [o].[IsActive], [o].[Name], [c].[Id] AS [Id1], [c].[Country], [c].[CreatedAtUtc] AS [CreatedAtUtc1], [c].[DriverLicenseNumber], [c].[Email], [c].[FirstName], [c].[IsActive] AS [IsActive0], [c].[IsInternational], [c].[LastName], [c].[NationalId], [c].[Phone], [c0].[Id] AS [Id2], [c0].[Category], [c0].[Color], [c0].[CreatedAtUtc] AS [CreatedAtUtc2], [c0].[CurrentLocationId], [c0].[DailyRate] AS [DailyRate0], [c0].[FuelLevelPercent], [c0].[InsuranceExpiryDateUtc], [c0].[Make], [c0].[MileageKm], [c0].[Model], [c0].[OfficeId] AS [OfficeId0], [c0].[RegistrationExpiryDateUtc], [c0].[RegistrationNumber], [c0].[Seats], [c0].[Status] AS [Status0], [c0].[Transmission], [c0].[Year]
          FROM [Bookings] AS [b]
          INNER JOIN [Offices] AS [o] ON [b].[OfficeId] = [o].[Id]
          INNER JOIN [Customers] AS [c] ON [b].[CustomerId] = [c].[Id]
          INNER JOIN [Cars] AS [c0] ON [b].[CarId] = [c0].[Id]
          WHERE [b].[Id] = @bookingId
      ) AS [s]
      LEFT JOIN [BookingExtras] AS [b0] ON [s].[Id] = [b0].[BookingId]
      ORDER BY [s].[Id], [s].[Id0], [s].[Id1], [s].[Id2]
info: Microsoft.EntityFrameworkCore.Database.Command[20101]
      Executed DbCommand (5ms) [Parameters=[@request_BookingId='?' (DbType = Guid)], CommandType='Text', CommandTimeout='30']
      SELECT TOP(2) [b].[Id], [b].[AgentId], [b].[BalanceAmount], [b].[CarId], [b].[Channel], [b].[CreatedAtUtc], [b].[CreatedByUserId], [b].[Currency], [b].[CustomerId], [b].[DailyRate], [b].[DepositAmount], [b].[ExtrasTotal], [b].[FlightNumber], [b].[Notes], [b].[OfficeId], [b].[PickupDateUtc], [b].[PickupLocationId], [b].[Reference], [b].[ReturnDateUtc], [b].[ReturnLocationId], [b].[Status], [b].[TotalAmount], [o].[Id], [o].[City], [o].[Code], [o].[CreatedAtUtc], [o].[IsActive], [o].[Name]
      FROM [Bookings] AS [b]
      INNER JOIN [Offices] AS [o] ON [b].[OfficeId] = [o].[Id]
      WHERE [b].[Id] = @request_BookingId
info: Microsoft.EntityFrameworkCore.Database.Command[20101]
      Executed DbCommand (5ms) [Parameters=[@p0='?' (DbType = Guid), @p1='?' (Precision = 18) (Scale = 2) (DbType = Decimal), @p2='?' (DbType = Guid), @p3='?' (DbType = DateTime2), @p4='?' (DbType = Guid), @p5='?' (Size = 3), @p6='?' (DbType = DateTime2), @p7='?' (DbType = Guid), @p8='?' (Size = 240), @p9='?' (Size = 40), @p10='?' (Size = 4000)], CommandType='Text', CommandTimeout='30']
      SET IMPLICIT_TRANSACTIONS OFF;
      SET NOCOUNT ON;
      INSERT INTO [CreditNotes] ([Id], [Amount], [BookingId], [CreatedAtUtc], [CreatedByUserId], [Currency], [IssuedAtUtc], [OfficeId], [Reason], [Reference], [Status])
      VALUES (@p0, @p1, @p2, @p3, @p4, @p5, @p6, @p7, @p8, @p9, @p10);
info: Microsoft.EntityFrameworkCore.Database.Command[20101]
      Executed DbCommand (18ms) [Parameters=[@id='?' (DbType = Guid)], CommandType='Text', CommandTimeout='30']
      SELECT TOP(2) [c].[Id], [c].[Amount], [c].[BookingId], [c].[CreatedAtUtc], [c].[CreatedByUserId], [c].[Currency], [c].[IssuedAtUtc], [c].[OfficeId], [c].[Reason], [c].[Reference], [c].[Status], [b].[Id], [b].[AgentId], [b].[BalanceAmount], [b].[CarId], [b].[Channel], [b].[CreatedAtUtc], [b].[CreatedByUserId], [b].[Currency], [b].[CustomerId], [b].[DailyRate], [b].[DepositAmount], [b].[ExtrasTotal], [b].[FlightNumber], [b].[Notes], [b].[OfficeId], [b].[PickupDateUtc], [b].[PickupLocationId], [b].[Reference], [b].[ReturnDateUtc], [b].[ReturnLocationId], [b].[Status], [b].[TotalAmount], [o].[Id], [o].[City], [o].[Code], [o].[CreatedAtUtc], [o].[IsActive], [o].[Name], [u].[Id], [u].[CreatedAtUtc], [u].[Email], [u].[FullName], [u].[IsActive], [u].[OfficeId], [u].[PasswordHash], [u].[Role], [u].[Username]
      FROM [CreditNotes] AS [c]
      INNER JOIN [Bookings] AS [b] ON [c].[BookingId] = [b].[Id]
      INNER JOIN [Offices] AS [o] ON [c].[OfficeId] = [o].[Id]
      INNER JOIN [Users] AS [u] ON [c].[CreatedByUserId] = [u].[Id]
      WHERE [c].[Id] = @id
info: Microsoft.EntityFrameworkCore.Database.Command[20101]
      Executed DbCommand (8ms) [Parameters=[@creditNoteId='?' (DbType = Guid)], CommandType='Text', CommandTimeout='30']
      SELECT TOP(2) [c].[Id], [c].[Amount], [c].[BookingId], [c].[CreatedAtUtc], [c].[CreatedByUserId], [c].[Currency], [c].[IssuedAtUtc], [c].[OfficeId], [c].[Reason], [c].[Reference], [c].[Status], [o].[Id], [o].[City], [o].[Code], [o].[CreatedAtUtc], [o].[IsActive], [o].[Name], [b].[Id], [b].[AgentId], [b].[BalanceAmount], [b].[CarId], [b].[Channel], [b].[CreatedAtUtc], [b].[CreatedByUserId], [b].[Currency], [b].[CustomerId], [b].[DailyRate], [b].[DepositAmount], [b].[ExtrasTotal], [b].[FlightNumber], [b].[Notes], [b].[OfficeId], [b].[PickupDateUtc], [b].[PickupLocationId], [b].[Reference], [b].[ReturnDateUtc], [b].[ReturnLocationId], [b].[Status], [b].[TotalAmount], [c0].[Id], [c0].[Country], [c0].[CreatedAtUtc], [c0].[DriverLicenseNumber], [c0].[Email], [c0].[FirstName], [c0].[IsActive], [c0].[IsInternational], [c0].[LastName], [c0].[NationalId], [c0].[Phone]
      FROM [CreditNotes] AS [c]
      INNER JOIN [Offices] AS [o] ON [c].[OfficeId] = [o].[Id]
      INNER JOIN [Bookings] AS [b] ON [c].[BookingId] = [b].[Id]
      INNER JOIN [Customers] AS [c0] ON [b].[CustomerId] = [c0].[Id]
      WHERE [c].[Id] = @creditNoteId
